-------------------------------------------------------------------------------
Test set: org.bhavesh.SfgPetClinicApplicationTests
-------------------------------------------------------------------------------
Tests run: 1, Failures: 0, Errors: 1, Skipped: 0, Time elapsed: 6.255 s <<< FAILURE! - in org.bhavesh.SfgPetClinicApplicationTests
contextLoads  Time elapsed: 0 s  <<< ERROR!
java.lang.IllegalStateException: Failed to load ApplicationContext
Caused by: org.springframework.beans.factory.BeanCreationException: Error creating bean with name 'entityManagerFactory' defined in class path resource [org/springframework/boot/autoconfigure/orm/jpa/HibernateJpaConfiguration.class]: Invocation of init method failed; nested exception is javax.persistence.PersistenceException: [PersistenceUnit: default] Unable to build Hibernate SessionFactory; nested exception is org.hibernate.MappingException: Could not determine type for: java.util.Set, at table: vet, for columns: [org.hibernate.mapping.Column(specialities)]
Caused by: javax.persistence.PersistenceException: [PersistenceUnit: default] Unable to build Hibernate SessionFactory; nested exception is org.hibernate.MappingException: Could not determine type for: java.util.Set, at table: vet, for columns: [org.hibernate.mapping.Column(specialities)]
Caused by: org.hibernate.MappingException: Could not determine type for: java.util.Set, at table: vet, for columns: [org.hibernate.mapping.Column(specialities)]

